<?xml version="1.0" encoding="UTF-8"?>
<testsuites tests="5" failures="0" disabled="1" errors="0" time="67.148" timestamp="2025-06-19T19:05:00.573" name="AllTests">
  <testsuite name="RealNetworkTestSuite" tests="5" failures="0" disabled="1" skipped="0" errors="0" time="67.148" timestamp="2025-06-19T19:05:00.574">
    <testcase name="ServerStartupTest" file="C:\Users\wlsdn\workspace\iocp-server-unity-client-demo\iocp_server_cpp\PerformanceTest\RealNetworkPerformanceTest.cpp" line="176" status="run" result="completed" time="5.021" timestamp="2025-06-19T19:05:00.574" classname="RealNetworkTestSuite" />
    <testcase name="SingleClientConnectionTest" file="C:\Users\wlsdn\workspace\iocp-server-unity-client-demo\iocp_server_cpp\PerformanceTest\RealNetworkPerformanceTest.cpp" line="194" status="run" result="completed" time="8.57" timestamp="2025-06-19T19:05:05.596" classname="RealNetworkTestSuite" />
    <testcase name="MultiClientStressTest" file="C:\Users\wlsdn\workspace\iocp-server-unity-client-demo\iocp_server_cpp\PerformanceTest\RealNetworkPerformanceTest.cpp" line="223" status="run" result="completed" time="15.685" timestamp="2025-06-19T19:05:14.166" classname="RealNetworkTestSuite" />
    <testcase name="DISABLED_EnduranceTest" file="C:\Users\wlsdn\workspace\iocp-server-unity-client-demo\iocp_server_cpp\PerformanceTest\RealNetworkPerformanceTest.cpp" line="257" status="notrun" result="suppressed" time="0." timestamp="1970-01-01T09:00:00.000" classname="RealNetworkTestSuite" />
    <testcase name="PerformanceReportTest" file="C:\Users\wlsdn\workspace\iocp-server-unity-client-demo\iocp_server_cpp\PerformanceTest\RealNetworkPerformanceTest.cpp" line="284" status="run" result="completed" time="37.869" timestamp="2025-06-19T19:05:29.852" classname="RealNetworkTestSuite" />
  </testsuite>
</testsuites>
